<?xml version="1.0" encoding="UTF-8"?>
<!-- Generated by org.testng.reporters.JUnitReportReporter -->
<testsuite skipped="0" hostname="SNITTALA" name="Automation.AGM.FloodInfo_Update" tests="1" failures="0" timestamp="12 Mar 2019 15:27:04 GMT" time="10.692" errors="0">
  <testcase name="Run_DriveRep_Update" time="10.692" classname="Automation.AGM.FloodInfo_Update"/>
</testsuite> <!-- Automation.AGM.FloodInfo_Update -->
