<?xml version="1.0" encoding="UTF-8"?>
<!-- Generated by org.testng.reporters.JUnitReportReporter -->
<testsuite hostname="D572R1G2" failures="0" tests="4" name="Automation.AGM.LicenseFieldUpdateScript" time="31.991" errors="0" timestamp="05 Mar 2018 15:33:27 GMT" skipped="0">
  <testcase classname="Automation.AGM.LicenseFieldUpdateScript" name="RunLicenseFieldUpdate" time="8.433"/>
  <testcase classname="Automation.AGM.LicenseFieldUpdateScript" name="RunLicenseFieldUpdate" time="6.434"/>
  <testcase classname="Automation.AGM.LicenseFieldUpdateScript" name="RunLicenseFieldUpdate" time="9.170"/>
  <testcase classname="Automation.AGM.LicenseFieldUpdateScript" name="RunLicenseFieldUpdate" time="7.954"/>
</testsuite> <!-- Automation.AGM.LicenseFieldUpdateScript -->
