<?xml version="1.0" encoding="UTF-8"?>
<!-- Generated by org.testng.reporters.JUnitReportReporter -->
<testsuite skipped="0" hostname="SNITTALA" name="Automation.AGM.Status_Update" tests="1" failures="0" timestamp="12 Mar 2019 18:51:20 GMT" time="12.150" errors="0">
  <testcase name="Run_DriveRep_Update" time="12.150" classname="Automation.AGM.Status_Update"/>
</testsuite> <!-- Automation.AGM.Status_Update -->
