<?xml version="1.0" encoding="UTF-8"?>
<!-- Generated by org.testng.reporters.JUnitReportReporter -->
<testsuite skipped="0" hostname="SNITTALA" name="Automation.AGM.DriveRep_Update" tests="2" failures="0" timestamp="06 Mar 2019 19:04:43 GMT" time="24.097" errors="0">
  <testcase name="Run_DriveRep_Update" time="9.941" classname="Automation.AGM.DriveRep_Update"/>
  <testcase name="Run_DriveRep_Update" time="14.156" classname="Automation.AGM.DriveRep_Update"/>
</testsuite> <!-- Automation.AGM.DriveRep_Update -->
