<?xml version="1.0" encoding="UTF-8"?>
<!-- Generated by org.testng.reporters.JUnitReportReporter -->
<testsuite skipped="0" hostname="SNITTALA" name="Automation.AGM.DateRegDOIAppt_Update" tests="2" failures="0" timestamp="12 Mar 2019 14:57:53 GMT" time="26.889" errors="0">
  <testcase name="Run_DriveRep_Update" time="11.878" classname="Automation.AGM.DateRegDOIAppt_Update"/>
  <testcase name="Run_DriveRep_Update" time="15.011" classname="Automation.AGM.DateRegDOIAppt_Update"/>
</testsuite> <!-- Automation.AGM.DateRegDOIAppt_Update -->
