<?xml version="1.0" encoding="UTF-8"?>
<!-- Generated by org.testng.reporters.JUnitReportReporter -->
<testsuite skipped="0" hostname="SNITTALA" name="Automation.AGM.AgentType_Update" tests="1" failures="0" timestamp="12 Mar 2019 18:57:10 GMT" time="10.267" errors="0">
  <testcase name="Run_DriveRep_Update" time="10.267" classname="Automation.AGM.AgentType_Update"/>
</testsuite> <!-- Automation.AGM.AgentType_Update -->
