<?xml version="1.0" encoding="UTF-8"?>
<!-- Generated by org.testng.reporters.JUnitReportReporter -->
<testsuite skipped="0" hostname="SNITTALA" name="Automation.AGM.ProgramType_Update" tests="1" failures="0" timestamp="05 Mar 2019 14:28:25 GMT" time="15.847" errors="0">
  <testcase name="Run_AgentName_Update" time="15.847" classname="Automation.AGM.ProgramType_Update"/>
</testsuite> <!-- Automation.AGM.ProgramType_Update -->
