<?xml version="1.0" encoding="UTF-8"?>
<!-- Generated by org.testng.reporters.JUnitReportReporter -->
<testsuite hostname="D572R1G2" failures="0" tests="1" name="Automation.AGM.TestScript" time="5.324" errors="0" timestamp="30 Jan 2018 21:29:12 GMT" skipped="0">
  <testcase classname="Automation.AGM.TestScript" name="RunTestScript" time="5.324"/>
</testsuite> <!-- Automation.AGM.TestScript -->
