<?xml version="1.0" encoding="UTF-8"?>
<!-- Generated by org.testng.reporters.JUnitReportReporter -->
<testsuite skipped="0" hostname="SNITTALA" name="Automation.AGM.PrimaryCompany_Update" tests="2" failures="0" timestamp="06 Mar 2019 20:10:29 GMT" time="25.666" errors="0">
  <testcase name="Run_PrimaryCompany_Update" time="15.482" classname="Automation.AGM.PrimaryCompany_Update"/>
  <testcase name="Run_PrimaryCompany_Update" time="10.184" classname="Automation.AGM.PrimaryCompany_Update"/>
</testsuite> <!-- Automation.AGM.PrimaryCompany_Update -->
