<?xml version="1.0" encoding="UTF-8"?>
<!-- Generated by org.testng.reporters.JUnitReportReporter -->
<testsuite hostname="BWCDPH2" failures="0" tests="1" name="Automation.AGM.Commission_RatesTest" time="2.248" errors="0" timestamp="07 Jun 2018 19:14:23 GMT" skipped="0">
  <testcase classname="Automation.AGM.Commission_RatesTest" name="Run_cr" time="2.248"/>
</testsuite> <!-- Automation.AGM.Commission_RatesTest -->
