<?xml version="1.0" encoding="UTF-8"?>
<!-- Generated by org.testng.reporters.JUnitReportReporter -->
<testsuite skipped="0" hostname="SNITTALA" name="Automation.AGM.BlueAgent_Check" tests="2" failures="0" timestamp="06 Mar 2019 19:18:31 GMT" time="22.690" errors="0">
  <testcase name="Run_DriveRep_Update" time="10.106" classname="Automation.AGM.BlueAgent_Check"/>
  <testcase name="Run_DriveRep_Update" time="12.584" classname="Automation.AGM.BlueAgent_Check"/>
</testsuite> <!-- Automation.AGM.BlueAgent_Check -->
