<?xml version="1.0" encoding="UTF-8"?>
<!-- Generated by org.testng.reporters.JUnitReportReporter -->
<testsuite skipped="0" hostname="SNITTALA" name="Automation.AGM.DateTermedwDOI_Update" tests="1" failures="0" timestamp="12 Mar 2019 15:03:26 GMT" time="9.704" errors="0">
  <testcase name="Run_DriveRep_Update" time="9.704" classname="Automation.AGM.DateTermedwDOI_Update"/>
</testsuite> <!-- Automation.AGM.DateTermedwDOI_Update -->
