<?xml version="1.0" encoding="UTF-8"?>
<!-- Generated by org.testng.reporters.JUnitReportReporter -->
<testsuite skipped="0" hostname="SNITTALA" name="Automation.AGM.EOInfo_Update" tests="1" failures="0" timestamp="12 Mar 2019 15:33:19 GMT" time="14.357" errors="0">
  <testcase name="Run_DriveRep_Update" time="14.357" classname="Automation.AGM.EOInfo_Update"/>
</testsuite> <!-- Automation.AGM.EOInfo_Update -->
