<?xml version="1.0" encoding="UTF-8"?>
<!-- Generated by org.testng.reporters.JUnitReportReporter -->
<testsuite skipped="0" hostname="SNITTALA" name="Automation.AGM.LocationAddress_Update" tests="1" failures="0" timestamp="04 Mar 2019 19:52:00 GMT" time="28.689" errors="0">
  <testcase name="Run_AgentName_Update" time="28.689" classname="Automation.AGM.LocationAddress_Update"/>
</testsuite> <!-- Automation.AGM.LocationAddress_Update -->
