<?xml version="1.0" encoding="UTF-8"?>
<!-- Generated by org.testng.reporters.JUnitReportReporter -->
<testsuite hostname="BWCDPH2" failures="0" tests="1" name="Automation.AGM.Delete_Banc_UsersTest" time="0.795" errors="0" timestamp="07 May 2018 15:16:34 GMT" skipped="0">
  <testcase classname="Automation.AGM.Delete_Banc_UsersTest" name="Run_Delete_Banc_Users" time="0.795"/>
</testsuite> <!-- Automation.AGM.Delete_Banc_UsersTest -->
