<?xml version="1.0" encoding="UTF-8"?>
<!-- Generated by org.testng.reporters.JUnitReportReporter -->
<testsuite hostname="BWCDPH2" failures="0" tests="2" name="Automation.AGM.Add_Level2_UsersTest" time="6.686" errors="0" timestamp="08 May 2018 18:55:51 GMT" skipped="0">
  <testcase classname="Automation.AGM.Add_Level2_UsersTest" name="Run_Add_Level2_Users" time="3.761"/>
  <testcase classname="Automation.AGM.Add_Level2_UsersTest" name="Run_Add_Level2_Users" time="2.925"/>
</testsuite> <!-- Automation.AGM.Add_Level2_UsersTest -->
