<?xml version="1.0" encoding="UTF-8"?>
<!-- Generated by org.testng.reporters.JUnitReportReporter -->
<testsuite skipped="0" hostname="SNITTALA" name="Automation.AGM.BusinessType_Update" tests="1" failures="0" timestamp="06 Mar 2019 20:34:17 GMT" time="17.069" errors="0">
  <testcase name="Run_BusinessType_Update" time="17.069" classname="Automation.AGM.BusinessType_Update"/>
</testsuite> <!-- Automation.AGM.BusinessType_Update -->
