<?xml version="1.0" encoding="UTF-8"?>
<!-- Generated by org.testng.reporters.JUnitReportReporter -->
<testsuite skipped="0" hostname="SNITTALA" name="Automation.AGM.CommonDBAName_Update" tests="2" failures="0" timestamp="04 Mar 2019 16:10:45 GMT" time="29.099" errors="0">
  <testcase name="Run_AgentName_Update" time="15.504" classname="Automation.AGM.CommonDBAName_Update"/>
  <testcase name="Run_AgentName_Update" time="13.595" classname="Automation.AGM.CommonDBAName_Update"/>
</testsuite> <!-- Automation.AGM.CommonDBAName_Update -->
