<?xml version="1.0" encoding="UTF-8"?>
<!-- Generated by org.testng.reporters.JUnitReportReporter -->
<testsuite skipped="0" hostname="SNITTALA" name="Automation.AGM.NationalRep_Update" tests="1" failures="0" timestamp="05 Mar 2019 14:26:18 GMT" time="12.871" errors="0">
  <testcase name="Run_AgentName_Update" time="12.871" classname="Automation.AGM.NationalRep_Update"/>
</testsuite> <!-- Automation.AGM.NationalRep_Update -->
