<?xml version="1.0" encoding="UTF-8"?>
<!-- Generated by org.testng.reporters.JUnitReportReporter -->
<testsuite skipped="0" hostname="SNITTALA" name="Automation.AGM.County_Update" tests="2" failures="0" timestamp="05 Mar 2019 18:54:38 GMT" time="36.198" errors="0">
  <testcase name="Run_County_Update" time="20.764" classname="Automation.AGM.County_Update"/>
  <testcase name="Run_County_Update" time="15.434" classname="Automation.AGM.County_Update"/>
</testsuite> <!-- Automation.AGM.County_Update -->
