<?xml version="1.0" encoding="UTF-8"?>
<!-- Generated by org.testng.reporters.JUnitReportReporter -->
<testsuite skipped="0" hostname="SNITTALA" name="Automation.AGM.MarketingRep_Update" tests="1" failures="0" timestamp="05 Mar 2019 14:18:07 GMT" time="11.416" errors="0">
  <testcase name="Run_AgentName_Update" time="11.416" classname="Automation.AGM.MarketingRep_Update"/>
</testsuite> <!-- Automation.AGM.MarketingRep_Update -->
